  8_shmielova.cpp
  Functions.cpp
C:\Users\dasha\Downloads\VSs workspace\8_shmielova\Functions.cpp(12,1): error C2084: function 'void zet(double &,double &,unsigned int &,int &)' already has a body
C:\Users\dasha\Downloads\VSs workspace\8_shmielova\Functions.cpp(11): message : see previous definition of 'zet'
C:\Users\dasha\Downloads\VSs workspace\8_shmielova\Functions.cpp(24,3): error C2065: 'zet': undeclared identifier
C:\Users\dasha\Downloads\VSs workspace\8_shmielova\Functions.cpp(29,1): error C2084: function 'double power(double,unsigned int)' already has a body
C:\Users\dasha\Downloads\VSs workspace\8_shmielova\Functions.cpp(28): message : see previous definition of 'power'
C:\Users\dasha\Downloads\VSs workspace\8_shmielova\Functions.cpp(32,2): error C2065: 'zet': undeclared identifier
C:\Users\dasha\Downloads\VSs workspace\8_shmielova\Functions.cpp(46,1): error C2084: function 'void fib(double &,double &,unsigned int,int &)' already has a body
C:\Users\dasha\Downloads\VSs workspace\8_shmielova\Functions.cpp(45): message : see previous definition of 'fib'
C:\Users\dasha\Downloads\VSs workspace\8_shmielova\Functions.cpp(51,3): error C2065: 'fib': undeclared identifier
C:\Users\dasha\Downloads\VSs workspace\8_shmielova\Functions.cpp(57,1): error C2084: function 'double Fibonaci(unsigned int,int &)' already has a body
C:\Users\dasha\Downloads\VSs workspace\8_shmielova\Functions.cpp(56): message : see previous definition of 'Fibonaci'
C:\Users\dasha\Downloads\VSs workspace\8_shmielova\Functions.cpp(66,3): error C2065: 'fib': undeclared identifier
C:\Users\dasha\Downloads\VSs workspace\8_shmielova\Functions.cpp(169,1): error C2011: 'Matrix2x2': 'struct' type redefinition
C:\Users\dasha\Downloads\VSs workspace\8_shmielova\Functions.cpp(168): message : see declaration of 'Matrix2x2'
C:\Users\dasha\Downloads\VSs workspace\8_shmielova\Functions.cpp(175,1): error C2011: 'Vector2': 'struct' type redefinition
C:\Users\dasha\Downloads\VSs workspace\8_shmielova\Functions.cpp(174): message : see declaration of 'Vector2'
C:\Users\dasha\Downloads\VSs workspace\8_shmielova\Functions.cpp(181,1): error C2084: function 'Vector2 matrVecMult(Matrix2x2,Vector2)' already has a body
C:\Users\dasha\Downloads\VSs workspace\8_shmielova\Functions.cpp(180): message : see previous definition of 'matrVecMult'
C:\Users\dasha\Downloads\VSs workspace\8_shmielova\Functions.cpp(181,1): error C2027: use of undefined type 'Vector2'
C:\Users\dasha\Downloads\VSs workspace\8_shmielova\Functions.cpp(174): message : see declaration of 'Vector2'
C:\Users\dasha\Downloads\VSs workspace\8_shmielova\Functions.cpp(180,9): error C2027: use of undefined type 'Matrix2x2'
C:\Users\dasha\Downloads\VSs workspace\8_shmielova\Functions.cpp(168): message : see declaration of 'Matrix2x2'
C:\Users\dasha\Downloads\VSs workspace\8_shmielova\Functions.cpp(180,9): error C2027: use of undefined type 'Vector2'
C:\Users\dasha\Downloads\VSs workspace\8_shmielova\Functions.cpp(174): message : see declaration of 'Vector2'
C:\Users\dasha\Downloads\VSs workspace\8_shmielova\Functions.cpp(182,21): error C2079: 'V_result' uses undefined struct 'Vector2'
C:\Users\dasha\Downloads\VSs workspace\8_shmielova\Functions.cpp(184,20): error C2027: use of undefined type 'Matrix2x2'
C:\Users\dasha\Downloads\VSs workspace\8_shmielova\Functions.cpp(168): message : see declaration of 'Matrix2x2'
C:\Users\dasha\Downloads\VSs workspace\8_shmielova\Functions.cpp(184,28): error C2027: use of undefined type 'Vector2'
C:\Users\dasha\Downloads\VSs workspace\8_shmielova\Functions.cpp(174): message : see declaration of 'Vector2'
C:\Users\dasha\Downloads\VSs workspace\8_shmielova\Functions.cpp(184,35): error C2027: use of undefined type 'Matrix2x2'
C:\Users\dasha\Downloads\VSs workspace\8_shmielova\Functions.cpp(168): message : see declaration of 'Matrix2x2'
C:\Users\dasha\Downloads\VSs workspace\8_shmielova\Functions.cpp(184,43): error C2027: use of undefined type 'Vector2'
C:\Users\dasha\Downloads\VSs workspace\8_shmielova\Functions.cpp(174): message : see declaration of 'Vector2'
C:\Users\dasha\Downloads\VSs workspace\8_shmielova\Functions.cpp(185,25): error C2027: use of undefined type 'Matrix2x2'
C:\Users\dasha\Downloads\VSs workspace\8_shmielova\Functions.cpp(168): message : see declaration of 'Matrix2x2'
C:\Users\dasha\Downloads\VSs workspace\8_shmielova\Functions.cpp(185,33): error C2027: use of undefined type 'Vector2'
C:\Users\dasha\Downloads\VSs workspace\8_shmielova\Functions.cpp(174): message : see declaration of 'Vector2'
C:\Users\dasha\Downloads\VSs workspace\8_shmielova\Functions.cpp(185,40): error C2027: use of undefined type 'Matrix2x2'
C:\Users\dasha\Downloads\VSs workspace\8_shmielova\Functions.cpp(168): message : see declaration of 'Matrix2x2'
C:\Users\dasha\Downloads\VSs workspace\8_shmielova\Functions.cpp(185,48): error C2027: use of undefined type 'Vector2'
C:\Users\dasha\Downloads\VSs workspace\8_shmielova\Functions.cpp(174): message : see declaration of 'Vector2'
C:\Users\dasha\Downloads\VSs workspace\8_shmielova\Functions.cpp(191,1): error C2084: function 'void multiplyMatr(Matrix2x2 &,Matrix2x2 &)' already has a body
C:\Users\dasha\Downloads\VSs workspace\8_shmielova\Functions.cpp(190): message : see previous definition of 'multiplyMatr'
C:\Users\dasha\Downloads\VSs workspace\8_shmielova\Functions.cpp(192,23): error C2079: 'M_result' uses undefined struct 'Matrix2x2'
C:\Users\dasha\Downloads\VSs workspace\8_shmielova\Functions.cpp(194,21): error C2027: use of undefined type 'Matrix2x2'
C:\Users\dasha\Downloads\VSs workspace\8_shmielova\Functions.cpp(168): message : see declaration of 'Matrix2x2'
C:\Users\dasha\Downloads\VSs workspace\8_shmielova\Functions.cpp(194,29): error C2027: use of undefined type 'Matrix2x2'
C:\Users\dasha\Downloads\VSs workspace\8_shmielova\Functions.cpp(168): message : see declaration of 'Matrix2x2'
C:\Users\dasha\Downloads\VSs workspace\8_shmielova\Functions.cpp(194,37): error C2027: use of undefined type 'Matrix2x2'
C:\Users\dasha\Downloads\VSs workspace\8_shmielova\Functions.cpp(168): message : see declaration of 'Matrix2x2'
C:\Users\dasha\Downloads\VSs workspace\8_shmielova\Functions.cpp(194,45): error C2027: use of undefined type 'Matrix2x2'
C:\Users\dasha\Downloads\VSs workspace\8_shmielova\Functions.cpp(168): message : see declaration of 'Matrix2x2'
C:\Users\dasha\Downloads\VSs workspace\8_shmielova\Functions.cpp(195,21): error C2027: use of undefined type 'Matrix2x2'
C:\Users\dasha\Downloads\VSs workspace\8_shmielova\Functions.cpp(168): message : see declaration of 'Matrix2x2'
C:\Users\dasha\Downloads\VSs workspace\8_shmielova\Functions.cpp(195,29): error C2027: use of undefined type 'Matrix2x2'
C:\Users\dasha\Downloads\VSs workspace\8_shmielova\Functions.cpp(168): message : see declaration of 'Matrix2x2'
C:\Users\dasha\Downloads\VSs workspace\8_shmielova\Functions.cpp(195,37): error C2027: use of undefined type 'Matrix2x2'
C:\Users\dasha\Downloads\VSs workspace\8_shmielova\Functions.cpp(168): message : see declaration of 'Matrix2x2'
C:\Users\dasha\Downloads\VSs workspace\8_shmielova\Functions.cpp(195,45): error C2027: use of undefined type 'Matrix2x2'
C:\Users\dasha\Downloads\VSs workspace\8_shmielova\Functions.cpp(168): message : see declaration of 'Matrix2x2'
C:\Users\dasha\Downloads\VSs workspace\8_shmielova\Functions.cpp(196,21): error C2027: use of undefined type 'Matrix2x2'
C:\Users\dasha\Downloads\VSs workspace\8_shmielova\Functions.cpp(168): message : see declaration of 'Matrix2x2'
C:\Users\dasha\Downloads\VSs workspace\8_shmielova\Functions.cpp(196,29): error C2027: use of undefined type 'Matrix2x2'
C:\Users\dasha\Downloads\VSs workspace\8_shmielova\Functions.cpp(168): message : see declaration of 'Matrix2x2'
C:\Users\dasha\Downloads\VSs workspace\8_shmielova\Functions.cpp(196,37): error C2027: use of undefined type 'Matrix2x2'
C:\Users\dasha\Downloads\VSs workspace\8_shmielova\Functions.cpp(168): message : see declaration of 'Matrix2x2'
C:\Users\dasha\Downloads\VSs workspace\8_shmielova\Functions.cpp(196,45): error C2027: use of undefined type 'Matrix2x2'
C:\Users\dasha\Downloads\VSs workspace\8_shmielova\Functions.cpp(168): message : see declaration of 'Matrix2x2'
C:\Users\dasha\Downloads\VSs workspace\8_shmielova\Functions.cpp(197,21): error C2027: use of undefined type 'Matrix2x2'
C:\Users\dasha\Downloads\VSs workspace\8_shmielova\Functions.cpp(168): message : see declaration of 'Matrix2x2'
C:\Users\dasha\Downloads\VSs workspace\8_shmielova\Functions.cpp(197,29): error C2027: use of undefined type 'Matrix2x2'
C:\Users\dasha\Downloads\VSs workspace\8_shmielova\Functions.cpp(168): message : see declaration of 'Matrix2x2'
C:\Users\dasha\Downloads\VSs workspace\8_shmielova\Functions.cpp(197,37): error C2027: use of undefined type 'Matrix2x2'
C:\Users\dasha\Downloads\VSs workspace\8_shmielova\Functions.cpp(168): message : see declaration of 'Matrix2x2'
C:\Users\dasha\Downloads\VSs workspace\8_shmielova\Functions.cpp(197,45): error C2027: use of undefined type 'Matrix2x2'
C:\Users\dasha\Downloads\VSs workspace\8_shmielova\Functions.cpp(168): message : see declaration of 'Matrix2x2'
C:\Users\dasha\Downloads\VSs workspace\8_shmielova\Functions.cpp(199,17): error C2679: binary '=': no operator found which takes a right-hand operand of type 'int' (or there is no acceptable conversion)
C:\Users\dasha\Downloads\VSs workspace\8_shmielova\Functions.cpp(172,1): message : could be 'Matrix2x2 &Matrix2x2::operator =(Matrix2x2 &&)'
C:\Users\dasha\Downloads\VSs workspace\8_shmielova\Functions.cpp(172,1): message : or       'Matrix2x2 &Matrix2x2::operator =(const Matrix2x2 &)'
C:\Users\dasha\Downloads\VSs workspace\8_shmielova\Functions.cpp(199,17): message : while trying to match the argument list '(Matrix2x2, int)'
C:\Users\dasha\Downloads\VSs workspace\8_shmielova\Functions.cpp(203,1): error C2084: function 'Matrix2x2 power(Matrix2x2 &,int,int &)' already has a body
C:\Users\dasha\Downloads\VSs workspace\8_shmielova\Functions.cpp(202): message : see previous definition of 'power'
C:\Users\dasha\Downloads\VSs workspace\8_shmielova\Functions.cpp(203,1): error C2027: use of undefined type 'Matrix2x2'
C:\Users\dasha\Downloads\VSs workspace\8_shmielova\Functions.cpp(168): message : see declaration of 'Matrix2x2'
C:\Users\dasha\Downloads\VSs workspace\8_shmielova\Functions.cpp(202,11): error C2027: use of undefined type 'Matrix2x2'
C:\Users\dasha\Downloads\VSs workspace\8_shmielova\Functions.cpp(168): message : see declaration of 'Matrix2x2'
C:\Users\dasha\Downloads\VSs workspace\8_shmielova\Functions.cpp(204,21): error C2079: 'M_ones' uses undefined struct 'Matrix2x2'
C:\Users\dasha\Downloads\VSs workspace\8_shmielova\Functions.cpp(204,34): error C2440: 'initializing': cannot convert from 'initializer list' to 'int'
C:\Users\dasha\Downloads\VSs workspace\8_shmielova\Functions.cpp(204,21): message : The initializer contains too many elements
C:\Users\dasha\Downloads\VSs workspace\8_shmielova\Functions.cpp(214,5): error C2027: use of undefined type 'Matrix2x2'
C:\Users\dasha\Downloads\VSs workspace\8_shmielova\Functions.cpp(168): message : see declaration of 'Matrix2x2'
C:\Users\dasha\Downloads\VSs workspace\8_shmielova\Functions.cpp(214,27): error C2264: 'power': error in function definition or declaration; function not called
C:\Users\dasha\Downloads\VSs workspace\8_shmielova\Functions.cpp(216,5): error C2065: 'multiplyMatr': undeclared identifier
C:\Users\dasha\Downloads\VSs workspace\8_shmielova\Functions.cpp(219,9): error C2065: 'multiplyMatr': undeclared identifier
C:\Users\dasha\Downloads\VSs workspace\8_shmielova\Functions.cpp(225,1): error C2084: function 'int FibNth(int,int &)' already has a body
C:\Users\dasha\Downloads\VSs workspace\8_shmielova\Functions.cpp(224): message : see previous definition of 'FibNth'
C:\Users\dasha\Downloads\VSs workspace\8_shmielova\Functions.cpp(226,16): error C2079: 'F' uses undefined struct 'Matrix2x2'
C:\Users\dasha\Downloads\VSs workspace\8_shmielova\Functions.cpp(226,29): error C2440: 'initializing': cannot convert from 'initializer list' to 'int'
C:\Users\dasha\Downloads\VSs workspace\8_shmielova\Functions.cpp(226,16): message : The initializer contains too many elements
C:\Users\dasha\Downloads\VSs workspace\8_shmielova\Functions.cpp(227,19): error C2079: 'F_ones' uses undefined struct 'Vector2'
C:\Users\dasha\Downloads\VSs workspace\8_shmielova\Functions.cpp(227,26): error C2440: 'initializing': cannot convert from 'initializer list' to 'int'
C:\Users\dasha\Downloads\VSs workspace\8_shmielova\Functions.cpp(227,19): message : The initializer contains too many elements
C:\Users\dasha\Downloads\VSs workspace\8_shmielova\Functions.cpp(238,25): error C2079: 'F_power' uses undefined struct 'Matrix2x2'
C:\Users\dasha\Downloads\VSs workspace\8_shmielova\Functions.cpp(238,47): error C2665: 'power': none of the 2 overloads could convert all the argument types
C:\Users\dasha\Downloads\VSs workspace\8_shmielova\Functions.cpp(202,11): message : could be 'Matrix2x2 power(Matrix2x2 &,int,int &)'
C:\Users\dasha\Downloads\VSs workspace\8_shmielova\Functions.cpp(238,47): message : while trying to match the argument list '(int, int, int)'
C:\Users\dasha\Downloads\VSs workspace\8_shmielova\Functions.cpp(239,12): error C2065: 'matrVecMult': undeclared identifier
C:\Users\dasha\Downloads\VSs workspace\8_shmielova\Functions.cpp(243,1): error C2084: function 'int countCalls(int)' already has a body
C:\Users\dasha\Downloads\VSs workspace\8_shmielova\Functions.cpp(242): message : see previous definition of 'countCalls'
C:\Users\dasha\Downloads\VSs workspace\8_shmielova\Functions.cpp(245,13): error C2065: 'FibNth': undeclared identifier
C:\Users\dasha\Downloads\VSs workspace\8_shmielova\Functions.cpp(245,31): error C2440: 'initializing': cannot convert from 'int (__cdecl *)(int,int &)' to 'int'
C:\Users\dasha\Downloads\VSs workspace\8_shmielova\Functions.cpp(245,11): message : There is no context in which this conversion is possible
  Generating Code...
